{"/Users/liuqiao/Documents/kd_github/ts-axios/lib/axios/help/utils.ts": {"path":"/Users/liuqiao/Documents/kd_github/ts-axios/lib/axios/help/utils.ts","all":false,"statementMap":{"0":{"start":{"line":1,"column":0},"end":{"line":1,"column":42}},"1":{"start":{"line":2,"column":0},"end":{"line":2,"column":0}},"2":{"start":{"line":3,"column":0},"end":{"line":3,"column":45}},"3":{"start":{"line":4,"column":0},"end":{"line":4,"column":47}},"4":{"start":{"line":5,"column":0},"end":{"line":5,"column":1}},"5":{"start":{"line":6,"column":0},"end":{"line":6,"column":0}},"6":{"start":{"line":7,"column":0},"end":{"line":7,"column":49}},"7":{"start":{"line":8,"column":0},"end":{"line":8,"column":48}},"8":{"start":{"line":9,"column":0},"end":{"line":9,"column":1}},"9":{"start":{"line":10,"column":0},"end":{"line":10,"column":0}},"10":{"start":{"line":11,"column":0},"end":{"line":11,"column":33}},"11":{"start":{"line":12,"column":0},"end":{"line":12,"column":54}},"12":{"start":{"line":13,"column":0},"end":{"line":13,"column":1}},"13":{"start":{"line":14,"column":0},"end":{"line":14,"column":0}},"14":{"start":{"line":15,"column":0},"end":{"line":15,"column":44}},"15":{"start":{"line":16,"column":0},"end":{"line":16,"column":49}},"16":{"start":{"line":17,"column":0},"end":{"line":17,"column":1}},"17":{"start":{"line":18,"column":0},"end":{"line":18,"column":0}},"18":{"start":{"line":19,"column":0},"end":{"line":19,"column":40}},"19":{"start":{"line":20,"column":0},"end":{"line":20,"column":32}},"20":{"start":{"line":21,"column":0},"end":{"line":21,"column":25}},"21":{"start":{"line":22,"column":0},"end":{"line":22,"column":26}},"22":{"start":{"line":23,"column":0},"end":{"line":23,"column":25}},"23":{"start":{"line":24,"column":0},"end":{"line":24,"column":26}},"24":{"start":{"line":25,"column":0},"end":{"line":25,"column":25}},"25":{"start":{"line":26,"column":0},"end":{"line":26,"column":26}},"26":{"start":{"line":27,"column":0},"end":{"line":27,"column":26}},"27":{"start":{"line":28,"column":0},"end":{"line":28,"column":1}},"28":{"start":{"line":29,"column":0},"end":{"line":29,"column":0}},"29":{"start":{"line":30,"column":0},"end":{"line":30,"column":64}},"30":{"start":{"line":31,"column":0},"end":{"line":31,"column":25}},"31":{"start":{"line":32,"column":0},"end":{"line":32,"column":33}},"32":{"start":{"line":33,"column":0},"end":{"line":33,"column":0}},"33":{"start":{"line":34,"column":0},"end":{"line":34,"column":41}},"34":{"start":{"line":35,"column":0},"end":{"line":35,"column":28}},"35":{"start":{"line":36,"column":0},"end":{"line":36,"column":29}},"36":{"start":{"line":37,"column":0},"end":{"line":37,"column":26}},"37":{"start":{"line":38,"column":0},"end":{"line":38,"column":29}},"38":{"start":{"line":39,"column":0},"end":{"line":39,"column":18}},"39":{"start":{"line":40,"column":0},"end":{"line":40,"column":18}},"40":{"start":{"line":41,"column":0},"end":{"line":41,"column":12}},"41":{"start":{"line":42,"column":0},"end":{"line":42,"column":20}},"42":{"start":{"line":43,"column":0},"end":{"line":43,"column":5}},"43":{"start":{"line":44,"column":0},"end":{"line":44,"column":0}},"44":{"start":{"line":45,"column":0},"end":{"line":45,"column":30}},"45":{"start":{"line":46,"column":0},"end":{"line":46,"column":25}},"46":{"start":{"line":47,"column":0},"end":{"line":47,"column":33}},"47":{"start":{"line":48,"column":0},"end":{"line":48,"column":39}},"48":{"start":{"line":49,"column":0},"end":{"line":49,"column":35}},"49":{"start":{"line":50,"column":0},"end":{"line":50,"column":7}},"50":{"start":{"line":51,"column":0},"end":{"line":51,"column":51}},"51":{"start":{"line":52,"column":0},"end":{"line":52,"column":6}},"52":{"start":{"line":53,"column":0},"end":{"line":53,"column":4}},"53":{"start":{"line":54,"column":0},"end":{"line":54,"column":0}},"54":{"start":{"line":55,"column":0},"end":{"line":55,"column":50}},"55":{"start":{"line":56,"column":0},"end":{"line":56,"column":25}},"56":{"start":{"line":57,"column":0},"end":{"line":57,"column":38}},"57":{"start":{"line":58,"column":0},"end":{"line":58,"column":27}},"58":{"start":{"line":59,"column":0},"end":{"line":59,"column":35}},"59":{"start":{"line":60,"column":0},"end":{"line":60,"column":5}},"60":{"start":{"line":61,"column":0},"end":{"line":61,"column":67}},"61":{"start":{"line":62,"column":0},"end":{"line":62,"column":3}},"62":{"start":{"line":63,"column":0},"end":{"line":63,"column":12}},"63":{"start":{"line":64,"column":0},"end":{"line":64,"column":1}},"64":{"start":{"line":65,"column":0},"end":{"line":65,"column":0}},"65":{"start":{"line":66,"column":0},"end":{"line":66,"column":3}},"66":{"start":{"line":67,"column":0},"end":{"line":67,"column":25}},"67":{"start":{"line":68,"column":0},"end":{"line":68,"column":20}},"68":{"start":{"line":69,"column":0},"end":{"line":69,"column":23}},"69":{"start":{"line":70,"column":0},"end":{"line":70,"column":3}},"70":{"start":{"line":71,"column":0},"end":{"line":71,"column":59}},"71":{"start":{"line":72,"column":0},"end":{"line":72,"column":8}},"72":{"start":{"line":73,"column":0},"end":{"line":73,"column":9}},"73":{"start":{"line":74,"column":0},"end":{"line":74,"column":13}},"74":{"start":{"line":75,"column":0},"end":{"line":75,"column":31}},"75":{"start":{"line":76,"column":0},"end":{"line":76,"column":54}},"76":{"start":{"line":77,"column":0},"end":{"line":77,"column":3}},"77":{"start":{"line":78,"column":0},"end":{"line":78,"column":0}},"78":{"start":{"line":79,"column":0},"end":{"line":79,"column":20}},"79":{"start":{"line":80,"column":0},"end":{"line":80,"column":1}},"80":{"start":{"line":81,"column":0},"end":{"line":81,"column":0}},"81":{"start":{"line":82,"column":0},"end":{"line":82,"column":3}},"82":{"start":{"line":83,"column":0},"end":{"line":83,"column":9}},"83":{"start":{"line":84,"column":0},"end":{"line":84,"column":55}},"84":{"start":{"line":85,"column":0},"end":{"line":85,"column":3}},"85":{"start":{"line":86,"column":0},"end":{"line":86,"column":51}},"86":{"start":{"line":87,"column":0},"end":{"line":87,"column":36}},"87":{"start":{"line":88,"column":0},"end":{"line":88,"column":0}},"88":{"start":{"line":89,"column":0},"end":{"line":89,"column":25}},"89":{"start":{"line":90,"column":0},"end":{"line":90,"column":24}},"90":{"start":{"line":91,"column":0},"end":{"line":91,"column":14}},"91":{"start":{"line":92,"column":0},"end":{"line":92,"column":41}},"92":{"start":{"line":93,"column":0},"end":{"line":93,"column":28}},"93":{"start":{"line":94,"column":0},"end":{"line":94,"column":0}},"94":{"start":{"line":95,"column":0},"end":{"line":95,"column":33}},"95":{"start":{"line":96,"column":0},"end":{"line":96,"column":55}},"96":{"start":{"line":97,"column":0},"end":{"line":97,"column":43}},"97":{"start":{"line":98,"column":0},"end":{"line":98,"column":53}},"98":{"start":{"line":99,"column":0},"end":{"line":99,"column":18}},"99":{"start":{"line":100,"column":0},"end":{"line":100,"column":40}},"100":{"start":{"line":101,"column":0},"end":{"line":101,"column":11}},"101":{"start":{"line":102,"column":0},"end":{"line":102,"column":16}},"102":{"start":{"line":103,"column":0},"end":{"line":103,"column":27}},"103":{"start":{"line":104,"column":0},"end":{"line":104,"column":9}},"104":{"start":{"line":105,"column":0},"end":{"line":105,"column":8}},"105":{"start":{"line":106,"column":0},"end":{"line":106,"column":5}},"106":{"start":{"line":107,"column":0},"end":{"line":107,"column":4}},"107":{"start":{"line":108,"column":0},"end":{"line":108,"column":0}},"108":{"start":{"line":109,"column":0},"end":{"line":109,"column":15}},"109":{"start":{"line":110,"column":0},"end":{"line":110,"column":1}},"110":{"start":{"line":111,"column":0},"end":{"line":111,"column":0}},"111":{"start":{"line":112,"column":0},"end":{"line":112,"column":3}},"112":{"start":{"line":113,"column":0},"end":{"line":113,"column":41}},"113":{"start":{"line":114,"column":0},"end":{"line":114,"column":41}},"114":{"start":{"line":115,"column":0},"end":{"line":115,"column":3}},"115":{"start":{"line":116,"column":0},"end":{"line":116,"column":72}},"116":{"start":{"line":117,"column":0},"end":{"line":117,"column":69}},"117":{"start":{"line":118,"column":0},"end":{"line":118,"column":1}},"118":{"start":{"line":119,"column":0},"end":{"line":119,"column":0}},"119":{"start":{"line":120,"column":0},"end":{"line":120,"column":58}},"120":{"start":{"line":121,"column":0},"end":{"line":121,"column":53}},"121":{"start":{"line":122,"column":0},"end":{"line":122,"column":1}}},"s":{"0":1,"1":1,"2":1,"3":14,"4":14,"5":1,"6":1,"7":4,"8":4,"9":1,"10":1,"11":15,"12":15,"13":1,"14":1,"15":12,"16":12,"17":1,"18":1,"19":26,"20":26,"21":26,"22":26,"23":26,"24":26,"25":26,"26":26,"27":26,"28":1,"29":1,"30":8,"31":7,"32":7,"33":7,"34":12,"35":12,"36":11,"37":12,"38":2,"39":2,"40":12,"41":9,"42":9,"43":11,"44":11,"45":13,"46":1,"47":13,"48":1,"49":1,"50":13,"51":11,"52":7,"53":7,"54":7,"55":7,"56":7,"57":7,"58":1,"59":1,"60":7,"61":7,"62":7,"63":7,"64":1,"65":1,"66":1,"67":1,"68":1,"69":1,"70":1,"71":0,"72":0,"73":0,"74":0,"75":0,"76":0,"77":0,"78":0,"79":0,"80":1,"81":1,"82":1,"83":1,"84":1,"85":1,"86":0,"87":0,"88":0,"89":0,"90":0,"91":0,"92":0,"93":0,"94":0,"95":0,"96":0,"97":0,"98":0,"99":0,"100":0,"101":0,"102":0,"103":0,"104":0,"105":0,"106":0,"107":0,"108":0,"109":0,"110":1,"111":1,"112":1,"113":1,"114":1,"115":1,"116":0,"117":0,"118":1,"119":1,"120":0,"121":0},"branchMap":{"0":{"type":"branch","line":3,"loc":{"start":{"line":3,"column":22},"end":{"line":5,"column":1}},"locations":[{"start":{"line":3,"column":22},"end":{"line":5,"column":1}}]},"1":{"type":"branch","line":7,"loc":{"start":{"line":7,"column":24},"end":{"line":9,"column":1}},"locations":[{"start":{"line":7,"column":24},"end":{"line":9,"column":1}}]},"2":{"type":"branch","line":8,"loc":{"start":{"line":8,"column":17},"end":{"line":8,"column":48}},"locations":[{"start":{"line":8,"column":17},"end":{"line":8,"column":48}}]},"3":{"type":"branch","line":11,"loc":{"start":{"line":11,"column":23},"end":{"line":13,"column":1}},"locations":[{"start":{"line":11,"column":23},"end":{"line":13,"column":1}}]},"4":{"type":"branch","line":12,"loc":{"start":{"line":12,"column":19},"end":{"line":12,"column":54}},"locations":[{"start":{"line":12,"column":19},"end":{"line":12,"column":54}}]},"5":{"type":"branch","line":15,"loc":{"start":{"line":15,"column":29},"end":{"line":17,"column":1}},"locations":[{"start":{"line":15,"column":29},"end":{"line":17,"column":1}}]},"6":{"type":"branch","line":19,"loc":{"start":{"line":19,"column":22},"end":{"line":28,"column":1}},"locations":[{"start":{"line":19,"column":22},"end":{"line":28,"column":1}}]},"7":{"type":"branch","line":30,"loc":{"start":{"line":30,"column":24},"end":{"line":64,"column":1}},"locations":[{"start":{"line":30,"column":24},"end":{"line":64,"column":1}}]},"8":{"type":"branch","line":31,"loc":{"start":{"line":31,"column":15},"end":{"line":31,"column":25}},"locations":[{"start":{"line":31,"column":15},"end":{"line":31,"column":25}}]},"9":{"type":"branch","line":31,"loc":{"start":{"line":31,"column":22},"end":{"line":64,"column":1}},"locations":[{"start":{"line":31,"column":22},"end":{"line":64,"column":1}}]},"10":{"type":"branch","line":58,"loc":{"start":{"line":58,"column":26},"end":{"line":60,"column":5}},"locations":[{"start":{"line":58,"column":26},"end":{"line":60,"column":5}}]},"11":{"type":"branch","line":61,"loc":{"start":{"line":61,"column":33},"end":{"line":61,"column":44}},"locations":[{"start":{"line":61,"column":33},"end":{"line":61,"column":44}}]},"12":{"type":"branch","line":61,"loc":{"start":{"line":61,"column":38},"end":{"line":61,"column":51}},"locations":[{"start":{"line":61,"column":38},"end":{"line":61,"column":51}}]},"13":{"type":"branch","line":34,"loc":{"start":{"line":34,"column":30},"end":{"line":53,"column":3}},"locations":[{"start":{"line":34,"column":30},"end":{"line":53,"column":3}}]},"14":{"type":"branch","line":36,"loc":{"start":{"line":36,"column":23},"end":{"line":36,"column":29}},"locations":[{"start":{"line":36,"column":23},"end":{"line":36,"column":29}}]},"15":{"type":"branch","line":36,"loc":{"start":{"line":36,"column":23},"end":{"line":38,"column":28}},"locations":[{"start":{"line":36,"column":23},"end":{"line":38,"column":28}}]},"16":{"type":"branch","line":38,"loc":{"start":{"line":38,"column":28},"end":{"line":41,"column":11}},"locations":[{"start":{"line":38,"column":28},"end":{"line":41,"column":11}}]},"17":{"type":"branch","line":41,"loc":{"start":{"line":41,"column":4},"end":{"line":43,"column":5}},"locations":[{"start":{"line":41,"column":4},"end":{"line":43,"column":5}}]},"18":{"type":"branch","line":43,"loc":{"start":{"line":43,"column":4},"end":{"line":52,"column":6}},"locations":[{"start":{"line":43,"column":4},"end":{"line":52,"column":6}}]},"19":{"type":"branch","line":45,"loc":{"start":{"line":45,"column":19},"end":{"line":52,"column":5}},"locations":[{"start":{"line":45,"column":19},"end":{"line":52,"column":5}}]},"20":{"type":"branch","line":46,"loc":{"start":{"line":46,"column":24},"end":{"line":48,"column":17}},"locations":[{"start":{"line":46,"column":24},"end":{"line":48,"column":17}}]},"21":{"type":"branch","line":48,"loc":{"start":{"line":48,"column":6},"end":{"line":50,"column":7}},"locations":[{"start":{"line":48,"column":6},"end":{"line":50,"column":7}}]},"22":{"type":"branch","line":48,"loc":{"start":{"line":48,"column":38},"end":{"line":50,"column":7}},"locations":[{"start":{"line":48,"column":38},"end":{"line":50,"column":7}}]}},"b":{"0":[14],"1":[4],"2":[3],"3":[15],"4":[13],"5":[12],"6":[26],"7":[8],"8":[1],"9":[7],"10":[1],"11":[6],"12":[1],"13":[12],"14":[1],"15":[11],"16":[2],"17":[9],"18":[11],"19":[13],"20":[1],"21":[12],"22":[1]},"fnMap":{"0":{"name":"isDate","decl":{"start":{"line":3,"column":22},"end":{"line":5,"column":1}},"loc":{"start":{"line":3,"column":22},"end":{"line":5,"column":1}},"line":3},"1":{"name":"isObject","decl":{"start":{"line":7,"column":24},"end":{"line":9,"column":1}},"loc":{"start":{"line":7,"column":24},"end":{"line":9,"column":1}},"line":7},"2":{"name":"isExist","decl":{"start":{"line":11,"column":23},"end":{"line":13,"column":1}},"loc":{"start":{"line":11,"column":23},"end":{"line":13,"column":1}},"line":11},"3":{"name":"isPlainObject","decl":{"start":{"line":15,"column":29},"end":{"line":17,"column":1}},"loc":{"start":{"line":15,"column":29},"end":{"line":17,"column":1}},"line":15},"4":{"name":"encode","decl":{"start":{"line":19,"column":22},"end":{"line":28,"column":1}},"loc":{"start":{"line":19,"column":22},"end":{"line":28,"column":1}},"line":19},"5":{"name":"buildUrl","decl":{"start":{"line":30,"column":24},"end":{"line":64,"column":1}},"loc":{"start":{"line":30,"column":24},"end":{"line":64,"column":1}},"line":30},"6":{"name":"extend","decl":{"start":{"line":71,"column":22},"end":{"line":80,"column":1}},"loc":{"start":{"line":71,"column":22},"end":{"line":80,"column":1}},"line":71},"7":{"name":"deepMerge","decl":{"start":{"line":86,"column":25},"end":{"line":110,"column":1}},"loc":{"start":{"line":86,"column":25},"end":{"line":110,"column":1}},"line":86},"8":{"name":"isURLSearchParams","decl":{"start":{"line":116,"column":33},"end":{"line":118,"column":1}},"loc":{"start":{"line":116,"column":33},"end":{"line":118,"column":1}},"line":116},"9":{"name":"isFormData","decl":{"start":{"line":120,"column":26},"end":{"line":122,"column":1}},"loc":{"start":{"line":120,"column":26},"end":{"line":122,"column":1}},"line":120}},"f":{"0":14,"1":4,"2":15,"3":12,"4":26,"5":8,"6":0,"7":0,"8":0,"9":0}}
}
